Build started 2/26/2012 1:52:58 PM.
     1>Project "D:\DEV\GIT\contests\codeforces\codeforces.vcxproj" on node 2 (build target(s)).
     1>InitializeBuildStatus:
         Creating "Debug\codeforces.unsuccessfulbuild" because "AlwaysCreate" was specified.
       ClCompile:
         C:\Program Files\Microsoft Visual Studio 10.0\VC\bin\CL.exe /c /ZI /nologo /W3 /WX- /Od /Oy- /D WIN32 /D _DEBUG /D _CONSOLE /D _UNICODE /D UNICODE /Gm /EHsc /RTC1 /MDd /GS /fp:precise /Zc:wchar_t /Zc:forScope /Fo"Debug\\" /Fd"Debug\vc100.pdb" /Gd /TP /analyze- /errorReport:prompt Melon_4A\Melon_4A.cpp
         Melon_4A.cpp
     1>d:\dev\git\contests\codeforces\melon_4a\melon_4a.cpp(4): warning C4996: 'freopen': This function or variable may be unsafe. Consider using freopen_s instead. To disable deprecation, use _CRT_SECURE_NO_WARNINGS. See online help for details.
                 c:\program files\microsoft visual studio 10.0\vc\include\stdio.h(249) : see declaration of 'freopen'
     1>d:\dev\git\contests\codeforces\melon_4a\melon_4a.cpp(5): warning C4996: 'freopen': This function or variable may be unsafe. Consider using freopen_s instead. To disable deprecation, use _CRT_SECURE_NO_WARNINGS. See online help for details.
                 c:\program files\microsoft visual studio 10.0\vc\include\stdio.h(249) : see declaration of 'freopen'
     1>d:\dev\git\contests\codeforces\melon_4a\melon_4a.cpp(8): warning C4996: 'scanf': This function or variable may be unsafe. Consider using scanf_s instead. To disable deprecation, use _CRT_SECURE_NO_WARNINGS. See online help for details.
                 c:\program files\microsoft visual studio 10.0\vc\include\stdio.h(304) : see declaration of 'scanf'
       ManifestResourceCompile:
         All outputs are up-to-date.
       Link:
         C:\Program Files\Microsoft Visual Studio 10.0\VC\bin\link.exe /ERRORREPORT:PROMPT /OUT:"D:\DEV\GIT\contests\codeforces\Debug\codeforces.exe" /INCREMENTAL /NOLOGO kernel32.lib user32.lib gdi32.lib winspool.lib comdlg32.lib advapi32.lib shell32.lib ole32.lib oleaut32.lib uuid.lib odbc32.lib odbccp32.lib /MANIFEST /ManifestFile:"Debug\codeforces.exe.intermediate.manifest" /MANIFESTUAC:"level='asInvoker' uiAccess='false'" /DEBUG /PDB:"D:\DEV\GIT\contests\codeforces\Debug\codeforces.pdb" /SUBSYSTEM:CONSOLE /TLBID:1 /DYNAMICBASE /NXCOMPAT /IMPLIB:"D:\DEV\GIT\contests\codeforces\Debug\codeforces.lib" /MACHINE:X86 Debug\codeforces.exe.embed.manifest.res
         Debug\Melon_4A.obj
         Debug\Square_1A.obj
       Manifest:
         C:\Program Files\Microsoft SDKs\Windows\v7.0A\bin\mt.exe /nologo /verbose /out:"Debug\codeforces.exe.embed.manifest" /manifest Debug\codeforces.exe.intermediate.manifest
         All outputs are up-to-date.
       LinkEmbedManifest:
         All outputs are up-to-date.
         codeforces.vcxproj -> D:\DEV\GIT\contests\codeforces\Debug\codeforces.exe
       FinalizeBuildStatus:
         Deleting file "Debug\codeforces.unsuccessfulbuild".
         Touching "Debug\codeforces.lastbuildstate".
     1>Done Building Project "D:\DEV\GIT\contests\codeforces\codeforces.vcxproj" (build target(s)).

Build succeeded.

Time Elapsed 00:00:00.60
